2011-7-21 18:35:38 org.glassfish.grizzly.filterchain.DefaultFilterChain execute
警告: Exception during FilterChain execution
java.lang.RuntimeException: test exception
	at org.young.isokcet.filter.ThreadPoolFilter.handleRead(ThreadPoolFilter.java:56)
	at org.glassfish.grizzly.filterchain.ExecutorResolver$3.execute(ExecutorResolver.java:95)
	at org.glassfish.grizzly.filterchain.DefaultFilterChain.executeFilter(DefaultFilterChain.java:444)
	at org.glassfish.grizzly.filterchain.DefaultFilterChain.executeChainPart(DefaultFilterChain.java:364)
	at org.glassfish.grizzly.filterchain.DefaultFilterChain.execute(DefaultFilterChain.java:290)
	at org.glassfish.grizzly.filterchain.DefaultFilterChain.process(DefaultFilterChain.java:133)
	at org.glassfish.grizzly.ProcessorExecutor.execute(ProcessorExecutor.java:76)
	at org.glassfish.grizzly.ProcessorExecutor.execute(ProcessorExecutor.java:63)
	at org.glassfish.grizzly.nio.transport.TCPNIOTransport.fireIOEvent(TCPNIOTransport.java:823)
	at org.glassfish.grizzly.strategies.AbstractIOStrategy.fireIOEvent(AbstractIOStrategy.java:113)
	at org.glassfish.grizzly.strategies.SameThreadIOStrategy.executeIoEvent(SameThreadIOStrategy.java:96)
	at org.glassfish.grizzly.nio.SelectorRunner.iterateKeyEvents(SelectorRunner.java:398)
	at org.glassfish.grizzly.nio.SelectorRunner.iterateKeys(SelectorRunner.java:366)
	at org.glassfish.grizzly.nio.SelectorRunner.doSelect(SelectorRunner.java:332)
	at org.glassfish.grizzly.nio.SelectorRunner.run(SelectorRunner.java:268)
	at org.glassfish.grizzly.threadpool.AbstractThreadPool$Worker.doWork(AbstractThreadPool.java:508)
	at org.glassfish.grizzly.threadpool.AbstractThreadPool$Worker.run(AbstractThreadPool.java:488)
	at java.lang.Thread.run(Unknown Source)
