2011-7-29 8:42:33 org.glassfish.gmbal.impl.ManagedObjectManagerImpl$5 run
警告: "GMBAL711: No org.glassfish.gmbal.ManagedObject annotation found on org.young.isokcet.jmx.JobDispatcherJMX"
CONTEXT:
	(  0): register(GmbalDefaultRoot,org.young.isokcet.jmx.JobDispatcherJMX@160c4b0,JobDispatcherJMX)
	(  1): constructMean(org.young.isokcet.jmx.JobDispatcherJMX@160c4b0,JobDispatcherJMX)
	(  2): getSkeleton(org.young.isokcet.jmx.JobDispatcherJMX)
	(  3): getClassAnalyzer(org.young.isokcet.jmx.JobDispatcherJMX,interface org.glassfish.gmbal.ManagedObject)
java.lang.IllegalArgumentException: 警告: "GMBAL711: No org.glassfish.gmbal.ManagedObject annotation found on org.young.isokcet.jmx.JobDispatcherJMX"
	at sun.reflect.NativeConstructorAccessorImpl.newInstance0(Native Method)
	at sun.reflect.NativeConstructorAccessorImpl.newInstance(Unknown Source)
	at sun.reflect.DelegatingConstructorAccessorImpl.newInstance(Unknown Source)
	at java.lang.reflect.Constructor.newInstance(Unknown Source)
	at org.glassfish.gmbal.logex.WrapperGenerator.makeException(WrapperGenerator.java:224)
	at org.glassfish.gmbal.logex.WrapperGenerator.handleFullLogging(WrapperGenerator.java:361)
	at org.glassfish.gmbal.logex.WrapperGenerator.access$300(WrapperGenerator.java:93)
	at org.glassfish.gmbal.logex.WrapperGenerator$1.invoke(WrapperGenerator.java:434)
	at $Proxy16.noAnnotationFound(Unknown Source)
	at org.glassfish.gmbal.impl.ManagedObjectManagerImpl$5.run(ManagedObjectManagerImpl.java:1027)
	at org.glassfish.gmbal.generic.Algorithms.getFirst(Algorithms.java:238)
	at org.glassfish.gmbal.impl.ManagedObjectManagerImpl.getClassAnalyzer(ManagedObjectManagerImpl.java:1022)
	at org.glassfish.gmbal.impl.ManagedObjectManagerImpl.getSkeleton(ManagedObjectManagerImpl.java:477)
	at org.glassfish.gmbal.impl.ManagedObjectManagerImpl.constructMBean(ManagedObjectManagerImpl.java:658)
	at org.glassfish.gmbal.impl.ManagedObjectManagerImpl.register(ManagedObjectManagerImpl.java:717)
	at org.glassfish.gmbal.impl.ManagedObjectManagerImpl.registerAtRoot(ManagedObjectManagerImpl.java:735)
	at org.glassfish.grizzly.monitoring.jmx.GrizzlyJmxManager.registerAtRoot(GrizzlyJmxManager.java:86)
	at org.young.isokcet.threadpool.JobDispatcher.init(JobDispatcher.java:239)
	at org.young.isokcet.threadpool.JobDispatcher.<init>(JobDispatcher.java:153)
	at org.young.isokcet.server.NIOSocketServer.buildTCPNIOTransport(NIOSocketServer.java:355)
	at org.young.isokcet.server.NIOSocketServer.doStart(NIOSocketServer.java:304)
	at org.young.isokcet.server.AbstractLifeCycle.start(AbstractLifeCycle.java:52)
	at org.young.isokcet.server.NIOSocketServer.main(NIOSocketServer.java:450)
